# JRE version: OpenJDK Runtime Environment (8.0_152-b01) (build 1.8.0_152-release-1248-b01)
# Java VM: OpenJDK 64-Bit Server VM (25.152-b01 mixed mode windows-amd64 compressed oops)
Heap:
 PSYoungGen      total 100352K, used 0K [0x00000000e0000000, 0x00000000e9580000, 0x0000000100000000)
  eden space 82944K, 0% used [0x00000000e0000000,0x00000000e0000000,0x00000000e5100000)
  from space 17408K, 0% used [0x00000000e5100000,0x00000000e5100000,0x00000000e6200000)
  to   space 19968K, 0% used [0x00000000e8200000,0x00000000e8200000,0x00000000e9580000)
 ParOldGen       total 101376K, used 31383K [0x00000000a0000000, 0x00000000a6300000, 0x00000000e0000000)
  object space 101376K, 30% used [0x00000000a0000000,0x00000000a1ea5c40,0x00000000a6300000)
 Metaspace       used 57412K, capacity 59012K, committed 59160K, reserved 1099776K
  class space    used 7844K, capacity 8275K, committed 8368K, reserved 1048576K
GC Heap History (10 events):
Event: 93.877 GC heap after
Heap after GC invocations=13 (full 2):
 PSYoungGen      total 63488K, used 7656K [0x00000000e0000000, 0x00000000e5780000, 0x0000000100000000)
  eden space 52224K, 0% used [0x00000000e0000000,0x00000000e0000000,0x00000000e3300000)
  from space 11264K, 67% used [0x00000000e3300000,0x00000000e3a7a3b8,0x00000000e3e00000)
  to   space 11264K, 0% used [0x00000000e4c80000,0x00000000e4c80000,0x00000000e5780000)
 ParOldGen       total 101376K, used 15423K [0x00000000a0000000, 0x00000000a6300000, 0x00000000e0000000)
  object space 101376K, 15% used [0x00000000a0000000,0x00000000a0f0ff10,0x00000000a6300000)
 Metaspace       used 40144K, capacity 40754K, committed 41128K, reserved 1085440K
  class space    used 5486K, capacity 5735K, committed 5808K, reserved 1048576K
}
Event: 98.408 GC heap before
{Heap before GC invocations=14 (full 2):
 PSYoungGen      total 63488K, used 59880K [0x00000000e0000000, 0x00000000e5780000, 0x0000000100000000)
  eden space 52224K, 100% used [0x00000000e0000000,0x00000000e3300000,0x00000000e3300000)
  from space 11264K, 67% used [0x00000000e3300000,0x00000000e3a7a3b8,0x00000000e3e00000)
  to   space 11264K, 0% used [0x00000000e4c80000,0x00000000e4c80000,0x00000000e5780000)
 ParOldGen       total 101376K, used 15423K [0x00000000a0000000, 0x00000000a6300000, 0x00000000e0000000)
  object space 101376K, 15% used [0x00000000a0000000,0x00000000a0f0ff10,0x00000000a6300000)
 Metaspace       used 43857K, capacity 44674K, committed 44968K, reserved 1087488K
  class space    used 5973K, capacity 6268K, committed 6320K, reserved 1048576K
Event: 98.440 GC heap after
Heap after GC invocations=14 (full 2):
 PSYoungGen      total 77312K, used 11214K [0x00000000e0000000, 0x00000000e5a80000, 0x0000000100000000)
  eden space 66048K, 0% used [0x00000000e0000000,0x00000000e0000000,0x00000000e4080000)
  from space 11264K, 99% used [0x00000000e4c80000,0x00000000e5773b60,0x00000000e5780000)
  to   space 12288K, 0% used [0x00000000e4080000,0x00000000e4080000,0x00000000e4c80000)
 ParOldGen       total 101376K, used 15423K [0x00000000a0000000, 0x00000000a6300000, 0x00000000e0000000)
  object space 101376K, 15% used [0x00000000a0000000,0x00000000a0f0ff10,0x00000000a6300000)
 Metaspace       used 43857K, capacity 44674K, committed 44968K, reserved 1087488K
  class space    used 5973K, capacity 6268K, committed 6320K, reserved 1048576K
}
Event: 102.594 GC heap before
{Heap before GC invocations=15 (full 2):
 PSYoungGen      total 77312K, used 77262K [0x00000000e0000000, 0x00000000e5a80000, 0x0000000100000000)
  eden space 66048K, 100% used [0x00000000e0000000,0x00000000e4080000,0x00000000e4080000)
  from space 11264K, 99% used [0x00000000e4c80000,0x00000000e5773b60,0x00000000e5780000)
  to   space 12288K, 0% used [0x00000000e4080000,0x00000000e4080000,0x00000000e4c80000)
 ParOldGen       total 101376K, used 15423K [0x00000000a0000000, 0x00000000a6300000, 0x00000000e0000000)
  object space 101376K, 15% used [0x00000000a0000000,0x00000000a0f0ff10,0x00000000a6300000)
 Metaspace       used 50919K, capacity 52166K, committed 52392K, reserved 1093632K
  class space    used 6887K, capacity 7266K, committed 7344K, reserved 1048576K
Event: 102.619 GC heap after
Heap after GC invocations=15 (full 2):
 PSYoungGen      total 78336K, used 12265K [0x00000000e0000000, 0x00000000e7000000, 0x0000000100000000)
  eden space 66048K, 0% used [0x00000000e0000000,0x00000000e0000000,0x00000000e4080000)
  from space 12288K, 99% used [0x00000000e4080000,0x00000000e4c7a470,0x00000000e4c80000)
  to   space 14336K, 0% used [0x00000000e6200000,0x00000000e6200000,0x00000000e7000000)
 ParOldGen       total 101376K, used 17292K [0x00000000a0000000, 0x00000000a6300000, 0x00000000e0000000)
  object space 101376K, 17% used [0x00000000a0000000,0x00000000a10e33a0,0x00000000a6300000)
 Metaspace       used 50919K, capacity 52166K, committed 52392K, reserved 1093632K
  class space    used 6887K, capacity 7266K, committed 7344K, reserved 1048576K
}
Event: 107.573 GC heap before
{Heap before GC invocations=16 (full 2):
 PSYoungGen      total 78336K, used 78313K [0x00000000e0000000, 0x00000000e7000000, 0x0000000100000000)
  eden space 66048K, 100% used [0x00000000e0000000,0x00000000e4080000,0x00000000e4080000)
  from space 12288K, 99% used [0x00000000e4080000,0x00000000e4c7a470,0x00000000e4c80000)
  to   space 14336K, 0% used [0x00000000e6200000,0x00000000e6200000,0x00000000e7000000)
 ParOldGen       total 101376K, used 17292K [0x00000000a0000000, 0x00000000a6300000, 0x00000000e0000000)
  object space 101376K, 17% used [0x00000000a0000000,0x00000000a10e33a0,0x00000000a6300000)
 Metaspace       used 55667K, capacity 57334K, committed 57512K, reserved 1099776K
  class space    used 7656K, capacity 8066K, committed 8112K, reserved 1048576K
Event: 107.598 GC heap after
Heap after GC invocations=16 (full 2):
 PSYoungGen      total 97280K, used 14319K [0x00000000e0000000, 0x00000000e7600000, 0x0000000100000000)
  eden space 82944K, 0% used [0x00000000e0000000,0x00000000e0000000,0x00000000e5100000)
  from space 14336K, 99% used [0x00000000e6200000,0x00000000e6ffbc80,0x00000000e7000000)
  to   space 17408K, 0% used [0x00000000e5100000,0x00000000e5100000,0x00000000e6200000)
 ParOldGen       total 101376K, used 20358K [0x00000000a0000000, 0x00000000a6300000, 0x00000000e0000000)
  object space 101376K, 20% used [0x00000000a0000000,0x00000000a13e1ae0,0x00000000a6300000)
 Metaspace       used 55667K, capacity 57334K, committed 57512K, reserved 1099776K
  class space    used 7656K, capacity 8066K, committed 8112K, reserved 1048576K
}
Event: 111.853 GC heap before
{Heap before GC invocations=17 (full 2):
 PSYoungGen      total 97280K, used 70733K [0x00000000e0000000, 0x00000000e7600000, 0x0000000100000000)
  eden space 82944K, 68% used [0x00000000e0000000,0x00000000e37179c0,0x00000000e5100000)
  from space 14336K, 99% used [0x00000000e6200000,0x00000000e6ffbc80,0x00000000e7000000)
  to   space 17408K, 0% used [0x00000000e5100000,0x00000000e5100000,0x00000000e6200000)
 ParOldGen       total 101376K, used 20358K [0x00000000a0000000, 0x00000000a6300000, 0x00000000e0000000)
  object space 101376K, 20% used [0x00000000a0000000,0x00000000a13e1ae0,0x00000000a6300000)
 Metaspace       used 57412K, capacity 59012K, committed 59160K, reserved 1099776K
  class space    used 7844K, capacity 8275K, committed 8368K, reserved 1048576K
Event: 111.925 GC heap after
Heap after GC invocations=17 (full 2):
 PSYoungGen      total 100352K, used 17381K [0x00000000e0000000, 0x00000000e9580000, 0x0000000100000000)
  eden space 82944K, 0% used [0x00000000e0000000,0x00000000e0000000,0x00000000e5100000)
  from space 17408K, 99% used [0x00000000e5100000,0x00000000e61f9610,0x00000000e6200000)
  to   space 19968K, 0% used [0x00000000e8200000,0x00000000e8200000,0x00000000e9580000)
 ParOldGen       total 101376K, used 20836K [0x00000000a0000000, 0x00000000a6300000, 0x00000000e0000000)
  object space 101376K, 20% used [0x00000000a0000000,0x00000000a1459338,0x00000000a6300000)
 Metaspace       used 57412K, capacity 59012K, committed 59160K, reserved 1099776K
  class space    used 7844K, capacity 8275K, committed 8368K, reserved 1048576K
}
Event: 111.925 GC heap before
{Heap before GC invocations=18 (full 3):
 PSYoungGen      total 100352K, used 17381K [0x00000000e0000000, 0x00000000e9580000, 0x0000000100000000)
  eden space 82944K, 0% used [0x00000000e0000000,0x00000000e0000000,0x00000000e5100000)
  from space 17408K, 99% used [0x00000000e5100000,0x00000000e61f9610,0x00000000e6200000)
  to   space 19968K, 0% used [0x00000000e8200000,0x00000000e8200000,0x00000000e9580000)
 ParOldGen       total 101376K, used 20836K [0x00000000a0000000, 0x00000000a6300000, 0x00000000e0000000)
  object space 101376K, 20% used [0x00000000a0000000,0x00000000a1459338,0x00000000a6300000)
 Metaspace       used 57412K, capacity 59012K, committed 59160K, reserved 1099776K
  class space    used 7844K, capacity 8275K, committed 8368K, reserved 1048576K

